app/build/intermediates/manifest_merge_blame_file/debug/manifest-merger-blame-debug-report.txt
1<?xml version="1.0" encoding="utf-8"?>
2<manifest xmlns:android="http://schemas.android.com/apk/res/android"
3    package="c.chaitu.myapplication"
4    android:versionCode="1"
5    android:versionName="1.0" >
6
7    <uses-sdk
8        android:minSdkVersion="19"
8-->src\main\AndroidManifest.xml
9        android:targetSdkVersion="28" />
9-->src\main\AndroidManifest.xml
10
11    <uses-permission android:name="android.permission.READ_EXTERNAL_STORAGE" />
11-->src\main\AndroidManifest.xml:5:5-80
11-->src\main\AndroidManifest.xml:5:22-77
12    <uses-permission android:name="android.permission.WRITE_EXTERNAL_STORAGE" />
12-->src\main\AndroidManifest.xml:6:5-81
12-->src\main\AndroidManifest.xml:6:22-78
13    <uses-permission android:name="android.permission.INTERNET" />
13-->src\main\AndroidManifest.xml:7:5-83
13-->src\main\AndroidManifest.xml:7:22-64
14
15    <application
15-->src\main\AndroidManifest.xml:9:5-39:19
16        android:allowBackup="true"
16-->src\main\AndroidManifest.xml:10:9-35
17        android:appComponentFactory="androidx.core.app.CoreComponentFactory"
17-->[androidx.core:core:1.0.1] AndroidManifest.xml:22:18-86
18        android:debuggable="true"
19        android:icon="@mipmap/ic_launcher"
19-->src\main\AndroidManifest.xml:11:9-43
20        android:label="My Secret Gallery"
20-->src\main\AndroidManifest.xml:12:9-42
21        android:roundIcon="@mipmap/ic_launcher_round"
21-->src\main\AndroidManifest.xml:13:9-54
22        android:supportsRtl="true"
22-->src\main\AndroidManifest.xml:14:9-35
23        android:testOnly="true"
24        android:theme="@style/AppTheme" >
24-->src\main\AndroidManifest.xml:15:9-40
25        <activity android:name="c.chaitu.myapplication.GoogleActivity" />
25-->src\main\AndroidManifest.xml:16:9-61
25-->src\main\AndroidManifest.xml:16:19-49
26        <activity android:name="c.chaitu.myapplication.AccountActivity.ResetPasswordActivity" />
26-->src\main\AndroidManifest.xml:17:9-75
26-->src\main\AndroidManifest.xml:17:19-72
27        <activity android:name="c.chaitu.myapplication.AccountActivity.SignupActivity" />
27-->src\main\AndroidManifest.xml:18:9-68
27-->src\main\AndroidManifest.xml:18:19-65
28        <activity android:name="c.chaitu.myapplication.MainActivity" />
28-->src\main\AndroidManifest.xml:19:9-50
28-->src\main\AndroidManifest.xml:19:19-47
29        <activity android:name="c.chaitu.myapplication.AccountActivity.LoginActivity" >
29-->src\main\AndroidManifest.xml:20:9-26:20
29-->src\main\AndroidManifest.xml:20:19-64
30            <intent-filter>
30-->src\main\AndroidManifest.xml:21:13-25:29
31                <action android:name="android.intent.action.MAIN" />
31-->src\main\AndroidManifest.xml:22:17-69
31-->src\main\AndroidManifest.xml:22:25-66
32
33                <category android:name="android.intent.category.LAUNCHER" />
33-->src\main\AndroidManifest.xml:24:17-77
33-->src\main\AndroidManifest.xml:24:27-74
34            </intent-filter>
35        </activity>
36        <activity android:name="c.chaitu.myapplication.Encode" />
36-->src\main\AndroidManifest.xml:27:9-44
36-->src\main\AndroidManifest.xml:27:19-41
37        <activity android:name="c.chaitu.myapplication.Decode" />
37-->src\main\AndroidManifest.xml:28:9-44
37-->src\main\AndroidManifest.xml:28:19-41
38
39        <provider
39-->src\main\AndroidManifest.xml:30:9-38:20
40            android:name="androidx.core.content.FileProvider"
40-->src\main\AndroidManifest.xml:31:13-62
41            android:authorities="it.steganography.fileprovider"
41-->src\main\AndroidManifest.xml:32:13-64
42            android:exported="false"
42-->src\main\AndroidManifest.xml:33:13-37
43            android:grantUriPermissions="true" >
43-->src\main\AndroidManifest.xml:34:13-47
44            <meta-data
44-->src\main\AndroidManifest.xml:35:13-37:54
45                android:name="android.support.FILE_PROVIDER_PATHS"
45-->src\main\AndroidManifest.xml:36:17-67
46                android:resource="@xml/file_paths" />
46-->src\main\AndroidManifest.xml:37:17-51
47        </provider>
48
49        <activity
49-->[com.google.firebase:firebase-auth:16.0.5] AndroidManifest.xml:24:9-31:50
50            android:name="com.google.firebase.auth.internal.FederatedSignInActivity"
50-->[com.google.firebase:firebase-auth:16.0.5] AndroidManifest.xml:25:13-85
51            android:excludeFromRecents="true"
51-->[com.google.firebase:firebase-auth:16.0.5] AndroidManifest.xml:26:13-46
52            android:exported="true"
52-->[com.google.firebase:firebase-auth:16.0.5] AndroidManifest.xml:27:13-36
53            android:launchMode="singleTask"
53-->[com.google.firebase:firebase-auth:16.0.5] AndroidManifest.xml:28:13-44
54            android:permission="com.google.firebase.auth.api.gms.permission.LAUNCH_FEDERATED_SIGN_IN"
54-->[com.google.firebase:firebase-auth:16.0.5] AndroidManifest.xml:29:13-102
55            android:theme="@android:style/Theme.Translucent.NoTitleBar" />
55-->[com.google.firebase:firebase-auth:16.0.5] AndroidManifest.xml:30:13-72
56
57        <service
57-->[com.google.firebase:firebase-auth:16.0.5] AndroidManifest.xml:33:9-39:19
58            android:name="com.google.firebase.components.ComponentDiscoveryService"
58-->[com.google.firebase:firebase-auth:16.0.5] AndroidManifest.xml:34:13-84
59            android:exported="false" >
59-->[com.google.firebase:firebase-auth:16.0.5] AndroidManifest.xml:35:13-37
60            <meta-data
60-->[com.google.firebase:firebase-auth:16.0.5] AndroidManifest.xml:36:13-38:85
61                android:name="com.google.firebase.components:com.google.firebase.auth.FirebaseAuthRegistrar"
61-->[com.google.firebase:firebase-auth:16.0.5] AndroidManifest.xml:37:17-109
62                android:value="com.google.firebase.components.ComponentRegistrar" />
62-->[com.google.firebase:firebase-auth:16.0.5] AndroidManifest.xml:38:17-82
63        </service>
64
65        <activity
65-->[com.google.android.gms:play-services-base:16.0.1] AndroidManifest.xml:23:9-26:75
66            android:name="com.google.android.gms.common.api.GoogleApiActivity"
66-->[com.google.android.gms:play-services-base:16.0.1] AndroidManifest.xml:24:13-79
67            android:exported="false"
67-->[com.google.android.gms:play-services-base:16.0.1] AndroidManifest.xml:25:13-37
68            android:theme="@android:style/Theme.Translucent.NoTitleBar" />
68-->[com.google.android.gms:play-services-base:16.0.1] AndroidManifest.xml:26:13-72
69
70        <provider
70-->[com.google.firebase:firebase-common:16.0.3] AndroidManifest.xml:10:9-14:39
71            android:name="com.google.firebase.provider.FirebaseInitProvider"
71-->[com.google.firebase:firebase-common:16.0.3] AndroidManifest.xml:11:13-77
72            android:authorities="c.chaitu.myapplication.firebaseinitprovider"
72-->[com.google.firebase:firebase-common:16.0.3] AndroidManifest.xml:12:13-72
73            android:exported="false"
73-->[com.google.firebase:firebase-common:16.0.3] AndroidManifest.xml:13:13-37
74            android:initOrder="100" />
74-->[com.google.firebase:firebase-common:16.0.3] AndroidManifest.xml:14:13-36
75
76        <meta-data
76-->[com.google.android.gms:play-services-basement:16.1.0] AndroidManifest.xml:23:9-25:69
77            android:name="com.google.android.gms.version"
77-->[com.google.android.gms:play-services-basement:16.1.0] AndroidManifest.xml:24:13-58
78            android:value="@integer/google_play_services_version" />
78-->[com.google.android.gms:play-services-basement:16.1.0] AndroidManifest.xml:25:13-66
79    </application>
80
81</manifest>